<?xml version="1.0" encoding="UTF-8"?>
<!-- Generated by org.testng.reporters.JUnitReportReporter -->
<testsuite hostname="serdyuk-pc" name="AiamATest" tests="1" failures="0" timestamp="12 Jan 2016 15:10:16 GMT" time="0.005" errors="0">
  <testcase name="test" time="0.005" classname="AiamATest"/>
</testsuite>
